<?xml version="1.0" encoding="UTF-8"?>
<!-- Generated by org.testng.reporters.JUnitReportReporter -->
<testsuite hostname="DESKTOP-QTN8FV9" failures="0" tests="3" name="com.inetbanking.qa.TestCases.LoginPageTest" time="7.496" errors="0" timestamp="19 Jun 2019 04:59:35 GMT" skipped="0">
  <testcase classname="com.inetbanking.qa.TestCases.LoginPageTest" name="IsLogoPresentTest" time="0.293"/>
  <testcase classname="com.inetbanking.qa.TestCases.LoginPageTest" name="IsSelLinkPresentTest" time="0.827"/>
  <testcase classname="com.inetbanking.qa.TestCases.LoginPageTest" name="LoginTest" time="6.376"/>
</testsuite> <!-- com.inetbanking.qa.TestCases.LoginPageTest -->
